<?xml version="1.0" encoding="UTF-8" ?>
<testsuite errors="0" failures="0" hostname="Matss-MacBook-Air.local" name="cucumber.RunTests" tests="45" time="0.297" timestamp="2014-06-13T03:24:51">
  <properties>
    <property name="java.runtime.name" value="Java(TM) SE Runtime Environment" />
    <property name="sun.boot.library.path" value="/System/Library/Java/JavaVirtualMachines/1.6.0.jdk/Contents/Libraries" />
    <property name="java.vm.version" value="20.65-b04-462" />
    <property name="awt.nativeDoubleBuffering" value="true" />
    <property name="gopherProxySet" value="false" />
    <property name="ant.version" value="Apache Ant(TM) version 1.8.3 compiled on February 26 2012" />
    <property name="mrj.build" value="11M4609" />
    <property name="ant.java.version" value="1.6" />
    <property name="java.vm.vendor" value="Apple Inc." />
    <property name="java.vendor.url" value="http://www.apple.com/" />
    <property name="path.separator" value=":" />
    <property name="java.vm.name" value="Java HotSpot(TM) 64-Bit Server VM" />
    <property name="file.encoding.pkg" value="sun.io" />
    <property name="user.country" value="US" />
    <property name="sun.java.launcher" value="SUN_STANDARD" />
    <property name="sun.os.patch.level" value="unknown" />
    <property name="java.vm.specification.name" value="Java Virtual Machine Specification" />
    <property name="user.dir" value="/Users/matsljunggren/Workspace/parsley" />
    <property name="java.runtime.version" value="1.6.0_65-b14-462-11M4609" />
    <property name="java.awt.graphicsenv" value="apple.awt.CGraphicsEnvironment" />
    <property name="basedir" value="/Users/matsljunggren/Workspace/parsley" />
    <property name="java.endorsed.dirs" value="/System/Library/Java/JavaVirtualMachines/1.6.0.jdk/Contents/Home/lib/endorsed" />
    <property name="os.arch" value="x86_64" />
    <property name="ant.project.default-target" value="" />
    <property name="java.io.tmpdir" value="/var/folders/hc/y55jyyrs1894_qwygm8nttf80000gn/T/" />
    <property name="ant.core.lib" value="/Users/matsljunggren/.m2/repository/org/apache/ant/ant/1.8.3/ant-1.8.3.jar" />
    <property name="line.separator" value="&#xa;" />
    <property name="java.vm.specification.vendor" value="Sun Microsystems Inc." />
    <property name="os.name" value="Mac OS X" />
    <property name="ant.project.name" value="junit" />
    <property name="sun.jnu.encoding" value="MacRoman" />
    <property name="java.library.path" value=".:/Library/Java/Extensions:/System/Library/Java/Extensions:/usr/lib/java" />
    <property name="java.specification.name" value="Java Platform API Specification" />
    <property name="java.class.version" value="50.0" />
    <property name="sun.management.compiler" value="HotSpot 64-Bit Tiered Compilers" />
    <property name="os.version" value="10.9.3" />
    <property name="http.nonProxyHosts" value="local|*.local|169.254/16|*.169.254/16" />
    <property name="user.home" value="/Users/matsljunggren" />
    <property name="user.timezone" value="" />
    <property name="java.awt.printerjob" value="apple.awt.CPrinterJob" />
    <property name="file.encoding" value="MacRoman" />
    <property name="java.specification.version" value="1.6" />
    <property name="user.name" value="matsljunggren" />
    <property name="java.class.path" value="/Users/matsljunggren/Workspace/parsley/target/test/classes:/Users/matsljunggren/Workspace/parsley/target/test/resources:/Users/matsljunggren/Workspace/parsley/target/classes:/Users/matsljunggren/Workspace/parsley/target/resources:/Users/matsljunggren/.m2/repository/javax/servlet/servlet-api/2.5/servlet-api-2.5.jar:/Users/matsljunggren/.m2/repository/commons-logging/commons-logging/1.1.1/commons-logging-1.1.1.jar:/Users/matsljunggren/.m2/repository/info/cukes/cucumber-junit/1.1.5/cucumber-junit-1.1.5.jar:/Users/matsljunggren/.m2/repository/info/cukes/cucumber-java/1.1.5/cucumber-java-1.1.5.jar:/Users/matsljunggren/.m2/repository/info/cukes/cucumber-jvm-deps/1.0.3/cucumber-jvm-deps-1.0.3.jar:/Users/matsljunggren/.m2/repository/info/cukes/cucumber-core/1.1.5/cucumber-core-1.1.5.jar:/Users/matsljunggren/.m2/repository/info/cukes/gherkin/2.12.2/gherkin-2.12.2.jar:/Users/matsljunggren/.m2/repository/xmlpull/xmlpull/1.1.3.1/xmlpull-1.1.3.1.jar:/Users/matsljunggren/.m2/repository/dom4j/dom4j/1.6.1/dom4j-1.6.1.jar:/Users/matsljunggren/.m2/repository/org/jdom/jdom-legacy/1.1.3/jdom-legacy-1.1.3.jar:/Users/matsljunggren/.m2/repository/org/codehaus/woodstox/wstx-lgpl/3.2.6/wstx-lgpl-3.2.6.jar:/Users/matsljunggren/.m2/repository/cglib/cglib/3.1/cglib-3.1.jar:/Users/matsljunggren/.m2/repository/xom/xom/1.2.5/xom-1.2.5.jar:/Users/matsljunggren/.m2/repository/stax/stax/1.2.0_rc2-dev/stax-1.2.0_rc2-dev.jar:/Users/matsljunggren/.m2/repository/junit/junit/4.11/junit-4.11.jar:/Users/matsljunggren/.m2/repository/net/masterthought/cucumber-reporting/0.0.23/cucumber-reporting-0.0.23.jar:/Users/matsljunggren/.m2/repository/junit/junit/4.8.2/junit-4.8.2.jar:/Users/matsljunggren/.m2/repository/org/jmock/jmock/2.5.1/jmock-2.5.1.jar:/Users/matsljunggren/.m2/repository/org/jmock/jmock-junit4/2.5.1/jmock-junit4-2.5.1.jar:/Users/matsljunggren/.m2/repository/org/hamcrest/hamcrest-core/1.1/hamcrest-core-1.1.jar:/Users/matsljunggren/.m2/repository/org/hamcrest/hamcrest-library/1.1/hamcrest-library-1.1.jar:/Users/matsljunggren/.m2/repository/org/apache/ant/ant-launcher/1.8.3/ant-launcher-1.8.3.jar:/Users/matsljunggren/.m2/repository/org/apache/ant/ant/1.8.3/ant-1.8.3.jar:/Users/matsljunggren/.m2/repository/org/apache/ant/ant-junit/1.8.3/ant-junit-1.8.3.jar" />
    <property name="java.vm.specification.version" value="1.0" />
    <property name="sun.java.command" value="org.apache.tools.ant.taskdefs.optional.junit.JUnitTestRunner testsfile=/Users/matsljunggren/Workspace/parsley/junittestcases8751898614077646078.properties filtertrace=true haltOnError=false haltOnFailure=false showoutput=false outputtoformatters=true logfailedtests=true logtestlistenerevents=false formatter=org.apache.tools.ant.taskdefs.optional.junit.PlainJUnitResultFormatter,/Users/matsljunggren/Workspace/parsley/reports/junit/IGNORETHIS.txt formatter=org.apache.tools.ant.taskdefs.optional.junit.PlainJUnitResultFormatter formatter=org.apache.tools.ant.taskdefs.optional.junit.XMLJUnitResultFormatter,/Users/matsljunggren/Workspace/parsley/reports/junit/IGNORETHIS.xml crashfile=/Users/matsljunggren/Workspace/parsley/junitvmwatcher1471460780952226841.properties propsfile=/Users/matsljunggren/Workspace/parsley/junit7681205507708270652.properties" />
    <property name="java.home" value="/System/Library/Java/JavaVirtualMachines/1.6.0.jdk/Contents/Home" />
    <property name="sun.arch.data.model" value="64" />
    <property name="java.specification.vendor" value="Sun Microsystems Inc." />
    <property name="user.language" value="en" />
    <property name="awt.toolkit" value="apple.awt.CToolkit" />
    <property name="java.vm.info" value="mixed mode" />
    <property name="java.version" value="1.6.0_65" />
    <property name="java.ext.dirs" value="/Library/Java/Extensions:/System/Library/Java/Extensions:/System/Library/Java/JavaVirtualMachines/1.6.0.jdk/Contents/Home/lib/ext" />
    <property name="sun.boot.class.path" value="/System/Library/Java/JavaVirtualMachines/1.6.0.jdk/Contents/Classes/jsfd.jar:/System/Library/Java/JavaVirtualMachines/1.6.0.jdk/Contents/Classes/classes.jar:/System/Library/Frameworks/JavaVM.framework/Frameworks/JavaRuntimeSupport.framework/Resources/Java/JavaRuntimeSupport.jar:/System/Library/Java/JavaVirtualMachines/1.6.0.jdk/Contents/Classes/ui.jar:/System/Library/Java/JavaVirtualMachines/1.6.0.jdk/Contents/Classes/laf.jar:/System/Library/Java/JavaVirtualMachines/1.6.0.jdk/Contents/Classes/sunrsasign.jar:/System/Library/Java/JavaVirtualMachines/1.6.0.jdk/Contents/Classes/jsse.jar:/System/Library/Java/JavaVirtualMachines/1.6.0.jdk/Contents/Classes/jce.jar:/System/Library/Java/JavaVirtualMachines/1.6.0.jdk/Contents/Classes/charsets.jar" />
    <property name="java.vendor" value="Apple Inc." />
    <property name="file.separator" value="/" />
    <property name="java.vendor.url.bug" value="http://bugreport.apple.com/" />
    <property name="sun.io.unicode.encoding" value="UnicodeLittle" />
    <property name="sun.cpu.endian" value="little" />
    <property name="mrj.version" value="1070.1.6.0_65-462" />
    <property name="baseDir" value="/Users/matsljunggren/Workspace/parsley/target/test/classes" />
    <property name="socksNonProxyHosts" value="local|*.local|169.254/16|*.169.254/16" />
    <property name="ftp.nonProxyHosts" value="local|*.local|169.254/16|*.169.254/16" />
    <property name="sun.cpu.isalist" value="" />
  </properties>
  <testcase classname="| Nokia | fileservlet | tablesample.xml | class2.css | class2 |" name="Given a user has a &apos;Nokia&apos; device" time="0.0010" />
  <testcase classname="| Nokia | fileservlet | tablesample.xml | class2.css | class2 |" name="When accessing the &apos;fileservlet&apos;" time="0.0" />
  <testcase classname="| Nokia | fileservlet | tablesample.xml | class2.css | class2 |" name="And using the filename &apos;tablesample.xml&apos;" time="0.0" />
  <testcase classname="| Nokia | fileservlet | tablesample.xml | class2.css | class2 |" name="Then the content returned should be styled by &apos;class2.css&apos;" time="0.0010" />
  <testcase classname="| Nokia | fileservlet | tablesample.xml | class2.css | class2 |" name="And transformed by &apos;class2&apos;" time="0.0" />
  <testcase classname="junit.framework.TestSuite" name="| Nokia | fileservlet | tablesample.xml | class2.css | class2 |" time="0.0" />
  <testcase classname="| SonyEricsson | fileservlet | tablesample.xml | class3.css | class3 |" name="Given a user has a &apos;SonyEricsson&apos; device" time="0.0" />
  <testcase classname="| SonyEricsson | fileservlet | tablesample.xml | class3.css | class3 |" name="When accessing the &apos;fileservlet&apos;" time="0.0" />
  <testcase classname="| SonyEricsson | fileservlet | tablesample.xml | class3.css | class3 |" name="And using the filename &apos;tablesample.xml&apos;" time="0.0" />
  <testcase classname="| SonyEricsson | fileservlet | tablesample.xml | class3.css | class3 |" name="Then the content returned should be styled by &apos;class3.css&apos;" time="0.0" />
  <testcase classname="| SonyEricsson | fileservlet | tablesample.xml | class3.css | class3 |" name="And transformed by &apos;class3&apos;" time="0.0" />
  <testcase classname="junit.framework.TestSuite" name="| SonyEricsson | fileservlet | tablesample.xml | class3.css | class3 |" time="0.0" />
  <testcase classname="| default | fileservlet | tablesample.xml | class1.css | class1 |" name="Given a user has a &apos;default&apos; device" time="0.0" />
  <testcase classname="| default | fileservlet | tablesample.xml | class1.css | class1 |" name="When accessing the &apos;fileservlet&apos;" time="0.0010" />
  <testcase classname="| default | fileservlet | tablesample.xml | class1.css | class1 |" name="And using the filename &apos;tablesample.xml&apos;" time="0.0" />
  <testcase classname="| default | fileservlet | tablesample.xml | class1.css | class1 |" name="Then the content returned should be styled by &apos;class1.css&apos;" time="0.0" />
  <testcase classname="| default | fileservlet | tablesample.xml | class1.css | class1 |" name="And transformed by &apos;class1&apos;" time="0.0" />
  <testcase classname="junit.framework.TestSuite" name="| default | fileservlet | tablesample.xml | class1.css | class1 |" time="0.0" />
  <testcase classname="junit.framework.TestSuite" name="|  | fileservlet | tablesample.xml | class1.css | class1 |" time="0.0" />
  <testcase classname="| xxxxxxx | fileservlet | tablesample.xml | class1.css | class1 |" name="Given a user has a &apos;xxxxxxx&apos; device" time="0.0010" />
  <testcase classname="| xxxxxxx | fileservlet | tablesample.xml | class1.css | class1 |" name="When accessing the &apos;fileservlet&apos;" time="0.0" />
  <testcase classname="| xxxxxxx | fileservlet | tablesample.xml | class1.css | class1 |" name="And using the filename &apos;tablesample.xml&apos;" time="0.0" />
  <testcase classname="| xxxxxxx | fileservlet | tablesample.xml | class1.css | class1 |" name="Then the content returned should be styled by &apos;class1.css&apos;" time="0.0" />
  <testcase classname="| xxxxxxx | fileservlet | tablesample.xml | class1.css | class1 |" name="And transformed by &apos;class1&apos;" time="0.0" />
  <testcase classname="junit.framework.TestSuite" name="| xxxxxxx | fileservlet | tablesample.xml | class1.css | class1 |" time="0.0" />
  <system-out><![CDATA[Feature: Depositing money in to a User account

  Scenario Outline: Accessing server pages with different devices should returned properly formatted content [90m# src/test/resources/cucumber/servercalls.feature:13[0m
    [32mGiven [0m[32ma user has a '[0m[32m[1mNokia[0m[32m' device[0m                                                                        [90m# ServerCallsStepDefinitions.a_user_has_a_device(String)[0m
    [32mWhen [0m[32maccessing the '[0m[32m[1mfileservlet[0m[32m'[0m                                                                         [90m# ServerCallsStepDefinitions.accessing_the_fileservlet(String)[0m
    [32mAnd [0m[32musing the filename '[0m[32m[1mtablesample.xml[0m[32m'[0m                                                                 [90m# ServerCallsStepDefinitions.using_the_filename_tablesample_xml(String)[0m
    [32mThen [0m[32mthe content returned should be styled by '[0m[32m[1mclass2.css[0m[32m'[0m                                               [90m# ServerCallsStepDefinitions.the_content_returned_should_be_styled_by_class_(String)[0m
    [32mAnd [0m[32mtransformed by '[0m[32m[1mclass2[0m[32m'[0m                                                                              [90m# ServerCallsStepDefinitions.transformed_by_class_(String)[0m

  Scenario Outline: Accessing server pages with different devices should returned properly formatted content [90m# src/test/resources/cucumber/servercalls.feature:14[0m
    [32mGiven [0m[32ma user has a '[0m[32m[1mSonyEricsson[0m[32m' device[0m                                                                 [90m# ServerCallsStepDefinitions.a_user_has_a_device(String)[0m
    [32mWhen [0m[32maccessing the '[0m[32m[1mfileservlet[0m[32m'[0m                                                                         [90m# ServerCallsStepDefinitions.accessing_the_fileservlet(String)[0m
    [32mAnd [0m[32musing the filename '[0m[32m[1mtablesample.xml[0m[32m'[0m                                                                 [90m# ServerCallsStepDefinitions.using_the_filename_tablesample_xml(String)[0m
    [32mThen [0m[32mthe content returned should be styled by '[0m[32m[1mclass3.css[0m[32m'[0m                                               [90m# ServerCallsStepDefinitions.the_content_returned_should_be_styled_by_class_(String)[0m
    [32mAnd [0m[32mtransformed by '[0m[32m[1mclass3[0m[32m'[0m                                                                              [90m# ServerCallsStepDefinitions.transformed_by_class_(String)[0m

  Scenario Outline: Accessing server pages with different devices should returned properly formatted content [90m# src/test/resources/cucumber/servercalls.feature:15[0m
    [32mGiven [0m[32ma user has a '[0m[32m[1mdefault[0m[32m' device[0m                                                                      [90m# ServerCallsStepDefinitions.a_user_has_a_device(String)[0m
    [32mWhen [0m[32maccessing the '[0m[32m[1mfileservlet[0m[32m'[0m                                                                         [90m# ServerCallsStepDefinitions.accessing_the_fileservlet(String)[0m
    [32mAnd [0m[32musing the filename '[0m[32m[1mtablesample.xml[0m[32m'[0m                                                                 [90m# ServerCallsStepDefinitions.using_the_filename_tablesample_xml(String)[0m
    [32mThen [0m[32mthe content returned should be styled by '[0m[32m[1mclass1.css[0m[32m'[0m                                               [90m# ServerCallsStepDefinitions.the_content_returned_should_be_styled_by_class_(String)[0m
    [32mAnd [0m[32mtransformed by '[0m[32m[1mclass1[0m[32m'[0m                                                                              [90m# ServerCallsStepDefinitions.transformed_by_class_(String)[0m

  Scenario Outline: Accessing server pages with different devices should returned properly formatted content [90m# src/test/resources/cucumber/servercalls.feature:16[0m
    [33mGiven [0m[33ma user has a '' device[0m
    [36mWhen [0m[36maccessing the '[0m[36m[1mfileservlet[0m[36m'[0m                                                                         [90m# ServerCallsStepDefinitions.accessing_the_fileservlet(String)[0m
    [36mAnd [0m[36musing the filename '[0m[36m[1mtablesample.xml[0m[36m'[0m                                                                 [90m# ServerCallsStepDefinitions.using_the_filename_tablesample_xml(String)[0m
    [36mThen [0m[36mthe content returned should be styled by '[0m[36m[1mclass1.css[0m[36m'[0m                                               [90m# ServerCallsStepDefinitions.the_content_returned_should_be_styled_by_class_(String)[0m
    [36mAnd [0m[36mtransformed by '[0m[36m[1mclass1[0m[36m'[0m                                                                              [90m# ServerCallsStepDefinitions.transformed_by_class_(String)[0m

  Scenario Outline: Accessing server pages with different devices should returned properly formatted content [90m# src/test/resources/cucumber/servercalls.feature:17[0m
    [32mGiven [0m[32ma user has a '[0m[32m[1mxxxxxxx[0m[32m' device[0m                                                                      [90m# ServerCallsStepDefinitions.a_user_has_a_device(String)[0m
    [32mWhen [0m[32maccessing the '[0m[32m[1mfileservlet[0m[32m'[0m                                                                         [90m# ServerCallsStepDefinitions.accessing_the_fileservlet(String)[0m
    [32mAnd [0m[32musing the filename '[0m[32m[1mtablesample.xml[0m[32m'[0m                                                                 [90m# ServerCallsStepDefinitions.using_the_filename_tablesample_xml(String)[0m
    [32mThen [0m[32mthe content returned should be styled by '[0m[32m[1mclass1.css[0m[32m'[0m                                               [90m# ServerCallsStepDefinitions.the_content_returned_should_be_styled_by_class_(String)[0m
    [32mAnd [0m[32mtransformed by '[0m[32m[1mclass1[0m[32m'[0m                                                                              [90m# ServerCallsStepDefinitions.transformed_by_class_(String)[0m

5 Scenarios ([33m1 undefined[0m, [32m4 passed[0m)
25 Steps ([36m4 skipped[0m, [33m1 undefined[0m, [32m20 passed[0m)
0m0.218s


You can implement missing steps with the snippets below:

@Given("^a user has a '' device$")
public void a_user_has_a_device() throws Throwable {
    // Express the Regexp above with the code you wish you had
    throw new PendingException();
}

]]></system-out>
  <system-err><![CDATA[Jun 13, 2014 11:24:51 AM cucumber.ServerCallsStepDefinitions a_user_has_a_device
INFO: Device = Nokia
Jun 13, 2014 11:24:51 AM cucumber.ServerCallsStepDefinitions accessing_the_fileservlet
INFO: Page = fileservlet
Jun 13, 2014 11:24:51 AM cucumber.ServerCallsStepDefinitions using_the_filename_tablesample_xml
INFO: Filename = tablesample.xml
Jun 13, 2014 11:24:51 AM cucumber.ServerCallsStepDefinitions the_content_returned_should_be_styled_by_class_
INFO: To compare with cssclass = class2.css
Jun 13, 2014 11:24:51 AM cucumber.ServerCallsStepDefinitions the_content_returned_should_be_styled_by_class_
INFO: The resulting test uses the user-agent string Nokia to access :http://localhost:8080/parsley-1.0.0/fileservlet?filename=tablesample.xml
Jun 13, 2014 11:24:51 AM cucumber.ServerCallsStepDefinitions transformed_by_class_
INFO: To compare with cssclass = class2
Jun 13, 2014 11:24:51 AM cucumber.ServerCallsStepDefinitions transformed_by_class_
INFO: The resulting test uses the user-agent string Nokia to access :http://localhost:8080/parsley-1.0.0/fileservlet?filename=tablesample.xml
Jun 13, 2014 11:24:51 AM cucumber.ServerCallsStepDefinitions a_user_has_a_device
INFO: Device = SonyEricsson
Jun 13, 2014 11:24:51 AM cucumber.ServerCallsStepDefinitions accessing_the_fileservlet
INFO: Page = fileservlet
Jun 13, 2014 11:24:51 AM cucumber.ServerCallsStepDefinitions using_the_filename_tablesample_xml
INFO: Filename = tablesample.xml
Jun 13, 2014 11:24:51 AM cucumber.ServerCallsStepDefinitions the_content_returned_should_be_styled_by_class_
INFO: To compare with cssclass = class3.css
Jun 13, 2014 11:24:51 AM cucumber.ServerCallsStepDefinitions the_content_returned_should_be_styled_by_class_
INFO: The resulting test uses the user-agent string SonyEricsson to access :http://localhost:8080/parsley-1.0.0/fileservlet?filename=tablesample.xml
Jun 13, 2014 11:24:51 AM cucumber.ServerCallsStepDefinitions transformed_by_class_
INFO: To compare with cssclass = class3
Jun 13, 2014 11:24:51 AM cucumber.ServerCallsStepDefinitions transformed_by_class_
INFO: The resulting test uses the user-agent string SonyEricsson to access :http://localhost:8080/parsley-1.0.0/fileservlet?filename=tablesample.xml
Jun 13, 2014 11:24:51 AM cucumber.ServerCallsStepDefinitions a_user_has_a_device
INFO: Device = default
Jun 13, 2014 11:24:51 AM cucumber.ServerCallsStepDefinitions accessing_the_fileservlet
INFO: Page = fileservlet
Jun 13, 2014 11:24:51 AM cucumber.ServerCallsStepDefinitions using_the_filename_tablesample_xml
INFO: Filename = tablesample.xml
Jun 13, 2014 11:24:51 AM cucumber.ServerCallsStepDefinitions the_content_returned_should_be_styled_by_class_
INFO: To compare with cssclass = class1.css
Jun 13, 2014 11:24:51 AM cucumber.ServerCallsStepDefinitions the_content_returned_should_be_styled_by_class_
INFO: The resulting test uses the user-agent string default to access :http://localhost:8080/parsley-1.0.0/fileservlet?filename=tablesample.xml
Jun 13, 2014 11:24:51 AM cucumber.ServerCallsStepDefinitions transformed_by_class_
INFO: To compare with cssclass = class1
Jun 13, 2014 11:24:51 AM cucumber.ServerCallsStepDefinitions transformed_by_class_
INFO: The resulting test uses the user-agent string default to access :http://localhost:8080/parsley-1.0.0/fileservlet?filename=tablesample.xml
Jun 13, 2014 11:24:51 AM cucumber.ServerCallsStepDefinitions a_user_has_a_device
INFO: Device = xxxxxxx
Jun 13, 2014 11:24:51 AM cucumber.ServerCallsStepDefinitions accessing_the_fileservlet
INFO: Page = fileservlet
Jun 13, 2014 11:24:51 AM cucumber.ServerCallsStepDefinitions using_the_filename_tablesample_xml
INFO: Filename = tablesample.xml
Jun 13, 2014 11:24:51 AM cucumber.ServerCallsStepDefinitions the_content_returned_should_be_styled_by_class_
INFO: To compare with cssclass = class1.css
Jun 13, 2014 11:24:51 AM cucumber.ServerCallsStepDefinitions the_content_returned_should_be_styled_by_class_
INFO: The resulting test uses the user-agent string xxxxxxx to access :http://localhost:8080/parsley-1.0.0/fileservlet?filename=tablesample.xml
Jun 13, 2014 11:24:51 AM cucumber.ServerCallsStepDefinitions transformed_by_class_
INFO: To compare with cssclass = class1
Jun 13, 2014 11:24:51 AM cucumber.ServerCallsStepDefinitions transformed_by_class_
INFO: The resulting test uses the user-agent string xxxxxxx to access :http://localhost:8080/parsley-1.0.0/fileservlet?filename=tablesample.xml
]]></system-err>
</testsuite>
