<?xml version="1.0" encoding="UTF-8" ?>
<testsuite errors="0" failures="0" hostname="Matss-MacBook-Air.local" name="helloworld.filters.HitCounterFilterTest" tests="1" time="0.0050" timestamp="2014-06-13T03:24:51">
  <properties>
    <property name="java.runtime.name" value="Java(TM) SE Runtime Environment" />
    <property name="sun.boot.library.path" value="/System/Library/Java/JavaVirtualMachines/1.6.0.jdk/Contents/Libraries" />
    <property name="java.vm.version" value="20.65-b04-462" />
    <property name="awt.nativeDoubleBuffering" value="true" />
    <property name="gopherProxySet" value="false" />
    <property name="ant.version" value="Apache Ant(TM) version 1.8.3 compiled on February 26 2012" />
    <property name="mrj.build" value="11M4609" />
    <property name="ant.java.version" value="1.6" />
    <property name="java.vm.vendor" value="Apple Inc." />
    <property name="java.vendor.url" value="http://www.apple.com/" />
    <property name="path.separator" value=":" />
    <property name="java.vm.name" value="Java HotSpot(TM) 64-Bit Server VM" />
    <property name="file.encoding.pkg" value="sun.io" />
    <property name="user.country" value="US" />
    <property name="sun.java.launcher" value="SUN_STANDARD" />
    <property name="sun.os.patch.level" value="unknown" />
    <property name="java.vm.specification.name" value="Java Virtual Machine Specification" />
    <property name="user.dir" value="/Users/matsljunggren/Workspace/parsley" />
    <property name="java.runtime.version" value="1.6.0_65-b14-462-11M4609" />
    <property name="java.awt.graphicsenv" value="apple.awt.CGraphicsEnvironment" />
    <property name="basedir" value="/Users/matsljunggren/Workspace/parsley" />
    <property name="java.endorsed.dirs" value="/System/Library/Java/JavaVirtualMachines/1.6.0.jdk/Contents/Home/lib/endorsed" />
    <property name="os.arch" value="x86_64" />
    <property name="ant.project.default-target" value="" />
    <property name="java.io.tmpdir" value="/var/folders/hc/y55jyyrs1894_qwygm8nttf80000gn/T/" />
    <property name="ant.core.lib" value="/Users/matsljunggren/.m2/repository/org/apache/ant/ant/1.8.3/ant-1.8.3.jar" />
    <property name="line.separator" value="&#xa;" />
    <property name="java.vm.specification.vendor" value="Sun Microsystems Inc." />
    <property name="os.name" value="Mac OS X" />
    <property name="ant.project.name" value="junit" />
    <property name="sun.jnu.encoding" value="MacRoman" />
    <property name="java.library.path" value=".:/Library/Java/Extensions:/System/Library/Java/Extensions:/usr/lib/java" />
    <property name="java.specification.name" value="Java Platform API Specification" />
    <property name="java.class.version" value="50.0" />
    <property name="sun.management.compiler" value="HotSpot 64-Bit Tiered Compilers" />
    <property name="os.version" value="10.9.3" />
    <property name="http.nonProxyHosts" value="local|*.local|169.254/16|*.169.254/16" />
    <property name="user.home" value="/Users/matsljunggren" />
    <property name="user.timezone" value="" />
    <property name="java.awt.printerjob" value="apple.awt.CPrinterJob" />
    <property name="file.encoding" value="MacRoman" />
    <property name="java.specification.version" value="1.6" />
    <property name="user.name" value="matsljunggren" />
    <property name="java.class.path" value="/Users/matsljunggren/Workspace/parsley/target/test/classes:/Users/matsljunggren/Workspace/parsley/target/test/resources:/Users/matsljunggren/Workspace/parsley/target/classes:/Users/matsljunggren/Workspace/parsley/target/resources:/Users/matsljunggren/.m2/repository/javax/servlet/servlet-api/2.5/servlet-api-2.5.jar:/Users/matsljunggren/.m2/repository/commons-logging/commons-logging/1.1.1/commons-logging-1.1.1.jar:/Users/matsljunggren/.m2/repository/info/cukes/cucumber-junit/1.1.5/cucumber-junit-1.1.5.jar:/Users/matsljunggren/.m2/repository/info/cukes/cucumber-java/1.1.5/cucumber-java-1.1.5.jar:/Users/matsljunggren/.m2/repository/info/cukes/cucumber-jvm-deps/1.0.3/cucumber-jvm-deps-1.0.3.jar:/Users/matsljunggren/.m2/repository/info/cukes/cucumber-core/1.1.5/cucumber-core-1.1.5.jar:/Users/matsljunggren/.m2/repository/info/cukes/gherkin/2.12.2/gherkin-2.12.2.jar:/Users/matsljunggren/.m2/repository/xmlpull/xmlpull/1.1.3.1/xmlpull-1.1.3.1.jar:/Users/matsljunggren/.m2/repository/dom4j/dom4j/1.6.1/dom4j-1.6.1.jar:/Users/matsljunggren/.m2/repository/org/jdom/jdom-legacy/1.1.3/jdom-legacy-1.1.3.jar:/Users/matsljunggren/.m2/repository/org/codehaus/woodstox/wstx-lgpl/3.2.6/wstx-lgpl-3.2.6.jar:/Users/matsljunggren/.m2/repository/cglib/cglib/3.1/cglib-3.1.jar:/Users/matsljunggren/.m2/repository/xom/xom/1.2.5/xom-1.2.5.jar:/Users/matsljunggren/.m2/repository/stax/stax/1.2.0_rc2-dev/stax-1.2.0_rc2-dev.jar:/Users/matsljunggren/.m2/repository/junit/junit/4.11/junit-4.11.jar:/Users/matsljunggren/.m2/repository/net/masterthought/cucumber-reporting/0.0.23/cucumber-reporting-0.0.23.jar:/Users/matsljunggren/.m2/repository/junit/junit/4.8.2/junit-4.8.2.jar:/Users/matsljunggren/.m2/repository/org/jmock/jmock/2.5.1/jmock-2.5.1.jar:/Users/matsljunggren/.m2/repository/org/jmock/jmock-junit4/2.5.1/jmock-junit4-2.5.1.jar:/Users/matsljunggren/.m2/repository/org/hamcrest/hamcrest-core/1.1/hamcrest-core-1.1.jar:/Users/matsljunggren/.m2/repository/org/hamcrest/hamcrest-library/1.1/hamcrest-library-1.1.jar:/Users/matsljunggren/.m2/repository/org/apache/ant/ant-launcher/1.8.3/ant-launcher-1.8.3.jar:/Users/matsljunggren/.m2/repository/org/apache/ant/ant/1.8.3/ant-1.8.3.jar:/Users/matsljunggren/.m2/repository/org/apache/ant/ant-junit/1.8.3/ant-junit-1.8.3.jar" />
    <property name="java.vm.specification.version" value="1.0" />
    <property name="sun.java.command" value="org.apache.tools.ant.taskdefs.optional.junit.JUnitTestRunner testsfile=/Users/matsljunggren/Workspace/parsley/junittestcases8751898614077646078.properties filtertrace=true haltOnError=false haltOnFailure=false showoutput=false outputtoformatters=true logfailedtests=true logtestlistenerevents=false formatter=org.apache.tools.ant.taskdefs.optional.junit.PlainJUnitResultFormatter,/Users/matsljunggren/Workspace/parsley/reports/junit/IGNORETHIS.txt formatter=org.apache.tools.ant.taskdefs.optional.junit.PlainJUnitResultFormatter formatter=org.apache.tools.ant.taskdefs.optional.junit.XMLJUnitResultFormatter,/Users/matsljunggren/Workspace/parsley/reports/junit/IGNORETHIS.xml crashfile=/Users/matsljunggren/Workspace/parsley/junitvmwatcher1471460780952226841.properties propsfile=/Users/matsljunggren/Workspace/parsley/junit7681205507708270652.properties" />
    <property name="java.home" value="/System/Library/Java/JavaVirtualMachines/1.6.0.jdk/Contents/Home" />
    <property name="sun.arch.data.model" value="64" />
    <property name="java.specification.vendor" value="Sun Microsystems Inc." />
    <property name="user.language" value="en" />
    <property name="awt.toolkit" value="apple.awt.CToolkit" />
    <property name="java.vm.info" value="mixed mode" />
    <property name="java.version" value="1.6.0_65" />
    <property name="java.ext.dirs" value="/Library/Java/Extensions:/System/Library/Java/Extensions:/System/Library/Java/JavaVirtualMachines/1.6.0.jdk/Contents/Home/lib/ext" />
    <property name="sun.boot.class.path" value="/System/Library/Java/JavaVirtualMachines/1.6.0.jdk/Contents/Classes/jsfd.jar:/System/Library/Java/JavaVirtualMachines/1.6.0.jdk/Contents/Classes/classes.jar:/System/Library/Frameworks/JavaVM.framework/Frameworks/JavaRuntimeSupport.framework/Resources/Java/JavaRuntimeSupport.jar:/System/Library/Java/JavaVirtualMachines/1.6.0.jdk/Contents/Classes/ui.jar:/System/Library/Java/JavaVirtualMachines/1.6.0.jdk/Contents/Classes/laf.jar:/System/Library/Java/JavaVirtualMachines/1.6.0.jdk/Contents/Classes/sunrsasign.jar:/System/Library/Java/JavaVirtualMachines/1.6.0.jdk/Contents/Classes/jsse.jar:/System/Library/Java/JavaVirtualMachines/1.6.0.jdk/Contents/Classes/jce.jar:/System/Library/Java/JavaVirtualMachines/1.6.0.jdk/Contents/Classes/charsets.jar" />
    <property name="java.vendor" value="Apple Inc." />
    <property name="file.separator" value="/" />
    <property name="java.vendor.url.bug" value="http://bugreport.apple.com/" />
    <property name="sun.io.unicode.encoding" value="UnicodeLittle" />
    <property name="sun.cpu.endian" value="little" />
    <property name="mrj.version" value="1070.1.6.0_65-462" />
    <property name="baseDir" value="/Users/matsljunggren/Workspace/parsley/target/test/classes" />
    <property name="socksNonProxyHosts" value="local|*.local|169.254/16|*.169.254/16" />
    <property name="ftp.nonProxyHosts" value="local|*.local|169.254/16|*.169.254/16" />
    <property name="sun.cpu.isalist" value="" />
  </properties>
  <testcase classname="helloworld.filters.HitCounterFilterTest" name="test" time="0.0010" />
  <system-out><![CDATA[]]></system-out>
  <system-err><![CDATA[]]></system-err>
</testsuite>
